14
1
18
7
11
33
22
31
34
28
3
1
25
13
35
20
30
9
38
34
7
26
11
9
12
35
5
7
32
22
27
33
5
33
37
5
23
1
1
38
18
4
30
20
7
31
18
29
25
32
12
6
22
5
28
36
18
23
18
10
31
26
12
17
2
0
19
23
30
27
27
24
8
6
30
36
23
13
28
4
6
29
27
33
0
28
16
17
40
27
27
36
30
26
13
33
27
16
13
11
12
2
34
5
4
7
8
2
28
34
29
3
1
14
36
25
38
6
17
33
23
5
31
29
8
24
5
35
27
27
32
14
37
1
39
19
31
10
6
13
28
28
17
24
28
21
5
26
3
31
23
33
5
38
9
9
3
18
35
23
30
38
36
13
4
26
25
2
16
10
4
3
6
36
4
7
26
34
18
9
1
13
8
31
17
7
40
10
18
15
4
31
17
11
19
20
7
16
36
21
15
13
28
20
21
35
20
19
17
23
23
31
25
33
29
1
7
18
17
26
7
14
1
34
20
19
35
3
13
33
24
11
2
25
20
5
13
21
7
7
29
29
19
22
22
15
7
36
8
21
8
10
21
15
36
13
19
11
1
22
7
22
6
1
29
6
17
7
28
1
21
27
29
3
5
1
28
12
6
6
17
9
18
9
35
32
23
11
24
5
8
27
16
14
11
25
26
37
30
33
8
20
19
16
27
24
33
1
27
26
32
4
37
0
31
4
10
20
23
30
19
10
17
9
24
35
24
30
31
31
35
9
28
8
7
4
24
20
7
37
6
20
32
31
18
19
25
32
2
8
22
26
28
17
36
2
11
9
15
31
33
10
3
25
2
31
15
39
38
12
19
11
22
9
27
34
31
7
16
15
18
26
11
2
21
11
12
33
30
29
10
25
33
8
7
28
32
35
16
15
26
20
29
20
38
7
11
5
20
19
1
38
12
33
11
37
19
5
23
4
10
34
28
32
35
2
29
5
24
32
10
27
1
26
3
2
9
4
24
4
20
10
21
20
7
2
10
18
8
6
38
4
16
15
15
7
15
3
25
31
10
32
30
7
25
8
33
15
15
1
12
11
10
31
29
5
8
20
12
29
22
37
29
25
29
6
31
11
26
1
